<?xml version="1.0" encoding="UTF-8"?>
<coverage generated="1593874007653" clover="3.2.0">
  <project timestamp="1593874007653" name="All files">
    <metrics statements="61" coveredstatements="59" conditionals="80" coveredconditionals="75" methods="11" coveredmethods="9" elements="152" coveredelements="143" complexity="0" loc="61" ncloc="61" packages="1" files="1" classes="1"/>
    <file name="q2ma.js" path="C:\Users\Hossein\Desktop\q2ma\q2ma.js">
      <metrics statements="61" coveredstatements="59" conditionals="80" coveredconditionals="75" methods="11" coveredmethods="9"/>
      <line num="1" count="2" type="stmt"/>
      <line num="2" count="2" type="stmt"/>
      <line num="4" count="2" type="stmt"/>
      <line num="5" count="9" type="cond" truecount="2" falsecount="0"/>
      <line num="12" count="2" type="cond" truecount="1" falsecount="0"/>
      <line num="13" count="16" type="cond" truecount="4" falsecount="0"/>
      <line num="14" count="13" type="stmt"/>
      <line num="15" count="13" type="cond" truecount="2" falsecount="0"/>
      <line num="17" count="3" type="stmt"/>
      <line num="28" count="36" type="stmt"/>
      <line num="30" count="45" type="cond" truecount="2" falsecount="0"/>
      <line num="33" count="45" type="cond" truecount="2" falsecount="0"/>
      <line num="35" count="45" type="cond" truecount="4" falsecount="0"/>
      <line num="39" count="45" type="cond" truecount="4" falsecount="0"/>
      <line num="41" count="36" type="stmt"/>
      <line num="53" count="5" type="stmt"/>
      <line num="57" count="5" type="stmt"/>
      <line num="58" count="5" type="stmt"/>
      <line num="60" count="5" type="cond" truecount="4" falsecount="0"/>
      <line num="62" count="5" type="cond" truecount="2" falsecount="0"/>
      <line num="64" count="5" type="cond" truecount="4" falsecount="0"/>
      <line num="66" count="5" type="stmt"/>
      <line num="74" count="5" type="cond" truecount="1" falsecount="1"/>
      <line num="76" count="5" type="cond" truecount="1" falsecount="1"/>
      <line num="78" count="5" type="cond" truecount="2" falsecount="0"/>
      <line num="80" count="5" type="cond" truecount="1" falsecount="1"/>
      <line num="82" count="5" type="cond" truecount="2" falsecount="0"/>
      <line num="84" count="5" type="stmt"/>
      <line num="85" count="5" type="stmt"/>
      <line num="88" count="2" type="cond" truecount="2" falsecount="0"/>
      <line num="92" count="10" type="stmt"/>
      <line num="94" count="10" type="cond" truecount="2" falsecount="0"/>
      <line num="95" count="10" type="cond" truecount="2" falsecount="0"/>
      <line num="97" count="10" type="cond" truecount="2" falsecount="0"/>
      <line num="98" count="10" type="stmt"/>
      <line num="100" count="10" type="stmt"/>
      <line num="102" count="10" type="stmt"/>
      <line num="103" count="10" type="stmt"/>
      <line num="104" count="10" type="stmt"/>
      <line num="106" count="10" type="cond" truecount="2" falsecount="0"/>
      <line num="108" count="10" type="stmt"/>
      <line num="116" count="2" type="stmt"/>
      <line num="118" count="4" type="stmt"/>
      <line num="119" count="0" type="stmt"/>
      <line num="122" count="4" type="cond" truecount="9" falsecount="0"/>
      <line num="123" count="1" type="stmt"/>
      <line num="125" count="3" type="stmt"/>
      <line num="139" count="2" type="cond" truecount="2" falsecount="0"/>
      <line num="140" count="8" type="stmt"/>
      <line num="141" count="8" type="stmt"/>
      <line num="143" count="0" type="stmt"/>
      <line num="146" count="8" type="stmt"/>
      <line num="162" count="2" type="cond" truecount="2" falsecount="0"/>
      <line num="163" count="13" type="stmt"/>
      <line num="164" count="13" type="cond" truecount="2" falsecount="0"/>
      <line num="165" count="12" type="cond" truecount="2" falsecount="0"/>
      <line num="166" count="4" type="stmt"/>
      <line num="167" count="4" type="stmt"/>
      <line num="169" count="8" type="stmt"/>
      <line num="172" count="1" type="stmt"/>
      <line num="176" count="2" type="stmt"/>
    </file>
  </project>
</coverage>
