{"C:\\Users\\Hossein\\Desktop\\q2ma\\q2ma.js": {"path":"C:\\Users\\Hossein\\Desktop\\q2ma\\q2ma.js","statementMap":{"0":{"start":{"line":1,"column":12},"end":{"line":1,"column":37}},"1":{"start":{"line":2,"column":13},"end":{"line":2,"column":28}},"2":{"start":{"line":4,"column":30},"end":{"line":4,"column":138}},"3":{"start":{"line":5,"column":16},"end":{"line":5,"column":90}},"4":{"start":{"line":5,"column":26},"end":{"line":5,"column":90}},"5":{"start":{"line":21,"column":20},"end":{"line":27,"column":1}},"6":{"start":{"line":22,"column":2},"end":{"line":25,"column":3}},"7":{"start":{"line":23,"column":20},"end":{"line":23,"column":39}},"8":{"start":{"line":24,"column":4},"end":{"line":24,"column":65}},"9":{"start":{"line":26,"column":2},"end":{"line":26,"column":19}},"10":{"start":{"line":36,"column":2},"end":{"line":53,"column":3}},"11":{"start":{"line":39,"column":4},"end":{"line":40,"column":60}},"12":{"start":{"line":40,"column":6},"end":{"line":40,"column":60}},"13":{"start":{"line":43,"column":4},"end":{"line":44,"column":51}},"14":{"start":{"line":44,"column":6},"end":{"line":44,"column":51}},"15":{"start":{"line":46,"column":4},"end":{"line":47,"column":99}},"16":{"start":{"line":47,"column":6},"end":{"line":47,"column":99}},"17":{"start":{"line":47,"column":43},"end":{"line":47,"column":97}},"18":{"start":{"line":51,"column":4},"end":{"line":52,"column":45}},"19":{"start":{"line":52,"column":6},"end":{"line":52,"column":45}},"20":{"start":{"line":54,"column":2},"end":{"line":54,"column":13}},"21":{"start":{"line":67,"column":20},"end":{"line":67,"column":22}},"22":{"start":{"line":68,"column":91},"end":{"line":68,"column":107}},"23":{"start":{"line":69,"column":2},"end":{"line":69,"column":65}},"24":{"start":{"line":71,"column":2},"end":{"line":72,"column":40}},"25":{"start":{"line":72,"column":4},"end":{"line":72,"column":40}},"26":{"start":{"line":74,"column":2},"end":{"line":75,"column":49}},"27":{"start":{"line":75,"column":4},"end":{"line":75,"column":49}},"28":{"start":{"line":77,"column":2},"end":{"line":78,"column":40}},"29":{"start":{"line":78,"column":4},"end":{"line":78,"column":40}},"30":{"start":{"line":80,"column":24},"end":{"line":87,"column":3}},"31":{"start":{"line":90,"column":2},"end":{"line":91,"column":35}},"32":{"start":{"line":91,"column":4},"end":{"line":91,"column":35}},"33":{"start":{"line":93,"column":2},"end":{"line":94,"column":62}},"34":{"start":{"line":94,"column":4},"end":{"line":94,"column":62}},"35":{"start":{"line":96,"column":2},"end":{"line":97,"column":62}},"36":{"start":{"line":97,"column":4},"end":{"line":97,"column":62}},"37":{"start":{"line":99,"column":2},"end":{"line":100,"column":64}},"38":{"start":{"line":100,"column":4},"end":{"line":100,"column":64}},"39":{"start":{"line":102,"column":2},"end":{"line":103,"column":67}},"40":{"start":{"line":103,"column":4},"end":{"line":103,"column":67}},"41":{"start":{"line":105,"column":2},"end":{"line":105,"column":48}},"42":{"start":{"line":107,"column":2},"end":{"line":107,"column":21}},"43":{"start":{"line":110,"column":23},"end":{"line":121,"column":1}},"44":{"start":{"line":111,"column":2},"end":{"line":120,"column":3}},"45":{"start":{"line":112,"column":19},"end":{"line":112,"column":65}},"46":{"start":{"line":114,"column":4},"end":{"line":115,"column":36}},"47":{"start":{"line":115,"column":6},"end":{"line":115,"column":36}},"48":{"start":{"line":117,"column":4},"end":{"line":117,"column":73}},"49":{"start":{"line":119,"column":4},"end":{"line":119,"column":120}},"50":{"start":{"line":123,"column":18},"end":{"line":145,"column":1}},"51":{"start":{"line":124,"column":87},"end":{"line":124,"column":103}},"52":{"start":{"line":126,"column":2},"end":{"line":127,"column":20}},"53":{"start":{"line":127,"column":4},"end":{"line":127,"column":20}},"54":{"start":{"line":128,"column":2},"end":{"line":128,"column":40}},"55":{"start":{"line":130,"column":2},"end":{"line":130,"column":69}},"56":{"start":{"line":132,"column":2},"end":{"line":132,"column":45}},"57":{"start":{"line":133,"column":2},"end":{"line":133,"column":43}},"58":{"start":{"line":134,"column":2},"end":{"line":134,"column":58}},"59":{"start":{"line":136,"column":2},"end":{"line":137,"column":35}},"60":{"start":{"line":137,"column":4},"end":{"line":137,"column":35}},"61":{"start":{"line":139,"column":29},"end":{"line":142,"column":4}},"62":{"start":{"line":144,"column":2},"end":{"line":144,"column":42}},"63":{"start":{"line":147,"column":13},"end":{"line":161,"column":1}},"64":{"start":{"line":148,"column":2},"end":{"line":160,"column":3}},"65":{"start":{"line":149,"column":4},"end":{"line":150,"column":50}},"66":{"start":{"line":150,"column":6},"end":{"line":150,"column":50}},"67":{"start":{"line":151,"column":4},"end":{"line":156,"column":5}},"68":{"start":{"line":152,"column":26},"end":{"line":152,"column":105}},"69":{"start":{"line":153,"column":6},"end":{"line":153,"column":57}},"70":{"start":{"line":155,"column":6},"end":{"line":155,"column":101}},"71":{"start":{"line":159,"column":4},"end":{"line":159,"column":105}},"72":{"start":{"line":163,"column":0},"end":{"line":171,"column":2}}},"fnMap":{"0":{"name":"(anonymous_0)","decl":{"start":{"line":5,"column":16},"end":{"line":5,"column":17}},"loc":{"start":{"line":5,"column":26},"end":{"line":5,"column":90}},"line":5},"1":{"name":"(anonymous_1)","decl":{"start":{"line":21,"column":20},"end":{"line":21,"column":21}},"loc":{"start":{"line":21,"column":56},"end":{"line":27,"column":1}},"line":21},"2":{"name":"normalizeCriteria","decl":{"start":{"line":35,"column":9},"end":{"line":35,"column":26}},"loc":{"start":{"line":35,"column":88},"end":{"line":55,"column":1}},"line":35},"3":{"name":"(anonymous_3)","decl":{"start":{"line":47,"column":36},"end":{"line":47,"column":37}},"loc":{"start":{"line":47,"column":43},"end":{"line":47,"column":97}},"line":47},"4":{"name":"q2mPipelines","decl":{"start":{"line":66,"column":9},"end":{"line":66,"column":21}},"loc":{"start":{"line":66,"column":100},"end":{"line":108,"column":1}},"line":66},"5":{"name":"(anonymous_5)","decl":{"start":{"line":110,"column":23},"end":{"line":110,"column":24}},"loc":{"start":{"line":110,"column":65},"end":{"line":121,"column":1}},"line":110},"6":{"name":"(anonymous_6)","decl":{"start":{"line":123,"column":18},"end":{"line":123,"column":19}},"loc":{"start":{"line":123,"column":114},"end":{"line":145,"column":1}},"line":123},"7":{"name":"(anonymous_7)","decl":{"start":{"line":147,"column":13},"end":{"line":147,"column":14}},"loc":{"start":{"line":147,"column":135},"end":{"line":161,"column":1}},"line":147}},"branchMap":{"0":{"loc":{"start":{"line":5,"column":26},"end":{"line":5,"column":90}},"type":"binary-expr","locations":[{"start":{"line":5,"column":26},"end":{"line":5,"column":59}},{"start":{"line":5,"column":63},"end":{"line":5,"column":90}}],"line":5},"1":{"loc":{"start":{"line":21,"column":32},"end":{"line":21,"column":51}},"type":"default-arg","locations":[{"start":{"line":21,"column":45},"end":{"line":21,"column":51}}],"line":21},"2":{"loc":{"start":{"line":22,"column":2},"end":{"line":25,"column":3}},"type":"if","locations":[{"start":{"line":22,"column":2},"end":{"line":25,"column":3}},{"start":{"line":22,"column":2},"end":{"line":25,"column":3}}],"line":22},"3":{"loc":{"start":{"line":22,"column":6},"end":{"line":22,"column":68}},"type":"binary-expr","locations":[{"start":{"line":22,"column":6},"end":{"line":22,"column":35}},{"start":{"line":22,"column":39},"end":{"line":22,"column":68}}],"line":22},"4":{"loc":{"start":{"line":24,"column":11},"end":{"line":24,"column":64}},"type":"cond-expr","locations":[{"start":{"line":24,"column":37},"end":{"line":24,"column":54}},{"start":{"line":24,"column":57},"end":{"line":24,"column":64}}],"line":24},"5":{"loc":{"start":{"line":35,"column":33},"end":{"line":35,"column":86}},"type":"default-arg","locations":[{"start":{"line":35,"column":84},"end":{"line":35,"column":86}}],"line":35},"6":{"loc":{"start":{"line":35,"column":34},"end":{"line":35,"column":68}},"type":"default-arg","locations":[{"start":{"line":35,"column":47},"end":{"line":35,"column":68}}],"line":35},"7":{"loc":{"start":{"line":39,"column":4},"end":{"line":40,"column":60}},"type":"if","locations":[{"start":{"line":39,"column":4},"end":{"line":40,"column":60}},{"start":{"line":39,"column":4},"end":{"line":40,"column":60}}],"line":39},"8":{"loc":{"start":{"line":43,"column":4},"end":{"line":44,"column":51}},"type":"if","locations":[{"start":{"line":43,"column":4},"end":{"line":44,"column":51}},{"start":{"line":43,"column":4},"end":{"line":44,"column":51}}],"line":43},"9":{"loc":{"start":{"line":46,"column":4},"end":{"line":47,"column":99}},"type":"if","locations":[{"start":{"line":46,"column":4},"end":{"line":47,"column":99}},{"start":{"line":46,"column":4},"end":{"line":47,"column":99}}],"line":46},"10":{"loc":{"start":{"line":46,"column":9},"end":{"line":46,"column":65}},"type":"binary-expr","locations":[{"start":{"line":46,"column":9},"end":{"line":46,"column":37}},{"start":{"line":46,"column":41},"end":{"line":46,"column":65}}],"line":46},"11":{"loc":{"start":{"line":51,"column":4},"end":{"line":52,"column":45}},"type":"if","locations":[{"start":{"line":51,"column":4},"end":{"line":52,"column":45}},{"start":{"line":51,"column":4},"end":{"line":52,"column":45}}],"line":51},"12":{"loc":{"start":{"line":51,"column":7},"end":{"line":51,"column":58}},"type":"binary-expr","locations":[{"start":{"line":51,"column":7},"end":{"line":51,"column":26}},{"start":{"line":51,"column":30},"end":{"line":51,"column":58}}],"line":51},"13":{"loc":{"start":{"line":66,"column":73},"end":{"line":66,"column":96}},"type":"default-arg","locations":[{"start":{"line":66,"column":89},"end":{"line":66,"column":96}}],"line":66},"14":{"loc":{"start":{"line":68,"column":17},"end":{"line":68,"column":28}},"type":"default-arg","locations":[{"start":{"line":68,"column":26},"end":{"line":68,"column":28}}],"line":68},"15":{"loc":{"start":{"line":68,"column":47},"end":{"line":68,"column":56}},"type":"default-arg","locations":[{"start":{"line":68,"column":54},"end":{"line":68,"column":56}}],"line":68},"16":{"loc":{"start":{"line":68,"column":59},"end":{"line":68,"column":67}},"type":"default-arg","locations":[{"start":{"line":68,"column":66},"end":{"line":68,"column":67}}],"line":68},"17":{"loc":{"start":{"line":68,"column":69},"end":{"line":68,"column":79}},"type":"default-arg","locations":[{"start":{"line":68,"column":77},"end":{"line":68,"column":79}}],"line":68},"18":{"loc":{"start":{"line":71,"column":2},"end":{"line":72,"column":40}},"type":"if","locations":[{"start":{"line":71,"column":2},"end":{"line":72,"column":40}},{"start":{"line":71,"column":2},"end":{"line":72,"column":40}}],"line":71},"19":{"loc":{"start":{"line":71,"column":5},"end":{"line":71,"column":50}},"type":"binary-expr","locations":[{"start":{"line":71,"column":5},"end":{"line":71,"column":30}},{"start":{"line":71,"column":34},"end":{"line":71,"column":50}}],"line":71},"20":{"loc":{"start":{"line":74,"column":2},"end":{"line":75,"column":49}},"type":"if","locations":[{"start":{"line":74,"column":2},"end":{"line":75,"column":49}},{"start":{"line":74,"column":2},"end":{"line":75,"column":49}}],"line":74},"21":{"loc":{"start":{"line":77,"column":2},"end":{"line":78,"column":40}},"type":"if","locations":[{"start":{"line":77,"column":2},"end":{"line":78,"column":40}},{"start":{"line":77,"column":2},"end":{"line":78,"column":40}}],"line":77},"22":{"loc":{"start":{"line":77,"column":5},"end":{"line":77,"column":48}},"type":"binary-expr","locations":[{"start":{"line":77,"column":5},"end":{"line":77,"column":28}},{"start":{"line":77,"column":32},"end":{"line":77,"column":48}}],"line":77},"23":{"loc":{"start":{"line":90,"column":2},"end":{"line":91,"column":35}},"type":"if","locations":[{"start":{"line":90,"column":2},"end":{"line":91,"column":35}},{"start":{"line":90,"column":2},"end":{"line":91,"column":35}}],"line":90},"24":{"loc":{"start":{"line":93,"column":2},"end":{"line":94,"column":62}},"type":"if","locations":[{"start":{"line":93,"column":2},"end":{"line":94,"column":62}},{"start":{"line":93,"column":2},"end":{"line":94,"column":62}}],"line":93},"25":{"loc":{"start":{"line":96,"column":2},"end":{"line":97,"column":62}},"type":"if","locations":[{"start":{"line":96,"column":2},"end":{"line":97,"column":62}},{"start":{"line":96,"column":2},"end":{"line":97,"column":62}}],"line":96},"26":{"loc":{"start":{"line":99,"column":2},"end":{"line":100,"column":64}},"type":"if","locations":[{"start":{"line":99,"column":2},"end":{"line":100,"column":64}},{"start":{"line":99,"column":2},"end":{"line":100,"column":64}}],"line":99},"27":{"loc":{"start":{"line":102,"column":2},"end":{"line":103,"column":67}},"type":"if","locations":[{"start":{"line":102,"column":2},"end":{"line":103,"column":67}},{"start":{"line":102,"column":2},"end":{"line":103,"column":67}}],"line":102},"28":{"loc":{"start":{"line":114,"column":4},"end":{"line":115,"column":36}},"type":"if","locations":[{"start":{"line":114,"column":4},"end":{"line":115,"column":36}},{"start":{"line":114,"column":4},"end":{"line":115,"column":36}}],"line":114},"29":{"loc":{"start":{"line":114,"column":7},"end":{"line":114,"column":130}},"type":"binary-expr","locations":[{"start":{"line":114,"column":7},"end":{"line":114,"column":44}},{"start":{"line":114,"column":48},"end":{"line":114,"column":130}}],"line":114},"30":{"loc":{"start":{"line":114,"column":9},"end":{"line":114,"column":43}},"type":"binary-expr","locations":[{"start":{"line":114,"column":9},"end":{"line":114,"column":18}},{"start":{"line":114,"column":22},"end":{"line":114,"column":43}}],"line":114},"31":{"loc":{"start":{"line":114,"column":50},"end":{"line":114,"column":129}},"type":"binary-expr","locations":[{"start":{"line":114,"column":50},"end":{"line":114,"column":59}},{"start":{"line":114,"column":63},"end":{"line":114,"column":85}},{"start":{"line":114,"column":89},"end":{"line":114,"column":129}}],"line":114},"32":{"loc":{"start":{"line":123,"column":33},"end":{"line":123,"column":45}},"type":"default-arg","locations":[{"start":{"line":123,"column":43},"end":{"line":123,"column":45}}],"line":123},"33":{"loc":{"start":{"line":123,"column":47},"end":{"line":123,"column":58}},"type":"default-arg","locations":[{"start":{"line":123,"column":56},"end":{"line":123,"column":58}}],"line":123},"34":{"loc":{"start":{"line":124,"column":7},"end":{"line":124,"column":20}},"type":"default-arg","locations":[{"start":{"line":124,"column":18},"end":{"line":124,"column":20}}],"line":124},"35":{"loc":{"start":{"line":124,"column":31},"end":{"line":124,"column":42}},"type":"default-arg","locations":[{"start":{"line":124,"column":40},"end":{"line":124,"column":42}}],"line":124},"36":{"loc":{"start":{"line":124,"column":44},"end":{"line":124,"column":53}},"type":"default-arg","locations":[{"start":{"line":124,"column":51},"end":{"line":124,"column":53}}],"line":124},"37":{"loc":{"start":{"line":124,"column":55},"end":{"line":124,"column":63}},"type":"default-arg","locations":[{"start":{"line":124,"column":62},"end":{"line":124,"column":63}}],"line":124},"38":{"loc":{"start":{"line":124,"column":65},"end":{"line":124,"column":75}},"type":"default-arg","locations":[{"start":{"line":124,"column":73},"end":{"line":124,"column":75}}],"line":124},"39":{"loc":{"start":{"line":126,"column":2},"end":{"line":127,"column":20}},"type":"if","locations":[{"start":{"line":126,"column":2},"end":{"line":127,"column":20}},{"start":{"line":126,"column":2},"end":{"line":127,"column":20}}],"line":126},"40":{"loc":{"start":{"line":136,"column":2},"end":{"line":137,"column":35}},"type":"if","locations":[{"start":{"line":136,"column":2},"end":{"line":137,"column":35}},{"start":{"line":136,"column":2},"end":{"line":137,"column":35}}],"line":136},"41":{"loc":{"start":{"line":147,"column":89},"end":{"line":147,"column":112}},"type":"default-arg","locations":[{"start":{"line":147,"column":105},"end":{"line":147,"column":112}}],"line":147},"42":{"loc":{"start":{"line":149,"column":4},"end":{"line":150,"column":50}},"type":"if","locations":[{"start":{"line":149,"column":4},"end":{"line":150,"column":50}},{"start":{"line":149,"column":4},"end":{"line":150,"column":50}}],"line":149},"43":{"loc":{"start":{"line":151,"column":4},"end":{"line":156,"column":5}},"type":"if","locations":[{"start":{"line":151,"column":4},"end":{"line":156,"column":5}},{"start":{"line":151,"column":4},"end":{"line":156,"column":5}}],"line":151}},"s":{"0":1,"1":1,"2":1,"3":1,"4":1,"5":1,"6":16,"7":13,"8":13,"9":3,"10":18,"11":34,"12":10,"13":34,"14":8,"15":34,"16":8,"17":4,"18":34,"19":8,"20":18,"21":1,"22":1,"23":1,"24":1,"25":1,"26":1,"27":0,"28":1,"29":0,"30":1,"31":1,"32":1,"33":1,"34":1,"35":1,"36":1,"37":1,"38":1,"39":1,"40":1,"41":1,"42":1,"43":1,"44":0,"45":0,"46":0,"47":0,"48":0,"49":0,"50":1,"51":0,"52":0,"53":0,"54":0,"55":0,"56":0,"57":0,"58":0,"59":0,"60":0,"61":0,"62":0,"63":1,"64":0,"65":0,"66":0,"67":0,"68":0,"69":0,"70":0,"71":0,"72":1},"f":{"0":1,"1":16,"2":18,"3":4,"4":1,"5":0,"6":0,"7":0},"b":{"0":[1,0],"1":[14],"2":[13,3],"3":[16,5],"4":[1,12],"5":[7],"6":[8],"7":[10,24],"8":[8,26],"9":[8,26],"10":[34,16],"11":[8,26],"12":[34,8],"13":[1],"14":[0],"15":[0],"16":[0],"17":[0],"18":[1,0],"19":[1,1],"20":[0,1],"21":[0,1],"22":[1,0],"23":[1,0],"24":[1,0],"25":[1,0],"26":[1,0],"27":[1,0],"28":[0,0],"29":[0,0],"30":[0,0],"31":[0,0,0],"32":[0],"33":[0],"34":[0],"35":[0],"36":[0],"37":[0],"38":[0],"39":[0,0],"40":[0,0],"41":[0],"42":[0,0],"43":[0,0]},"_coverageSchema":"1a1c01bbd47fc00a2c39e90264f33305004495a9","hash":"daacf168350b6880a901b14aec4a7bdb676959df"}
}
