{"C:\\Users\\Hossein\\Desktop\\q2ma\\q2ma.js": {"path":"C:\\Users\\Hossein\\Desktop\\q2ma\\q2ma.js","statementMap":{"0":{"start":{"line":1,"column":12},"end":{"line":1,"column":37}},"1":{"start":{"line":2,"column":13},"end":{"line":2,"column":28}},"2":{"start":{"line":4,"column":30},"end":{"line":4,"column":138}},"3":{"start":{"line":5,"column":16},"end":{"line":5,"column":88}},"4":{"start":{"line":5,"column":24},"end":{"line":5,"column":88}},"5":{"start":{"line":12,"column":20},"end":{"line":18,"column":1}},"6":{"start":{"line":13,"column":1},"end":{"line":16,"column":2}},"7":{"start":{"line":14,"column":18},"end":{"line":14,"column":37}},"8":{"start":{"line":15,"column":2},"end":{"line":15,"column":62}},"9":{"start":{"line":17,"column":1},"end":{"line":17,"column":17}},"10":{"start":{"line":28,"column":1},"end":{"line":40,"column":2}},"11":{"start":{"line":30,"column":2},"end":{"line":30,"column":91}},"12":{"start":{"line":30,"column":36},"end":{"line":30,"column":91}},"13":{"start":{"line":33,"column":2},"end":{"line":33,"column":76}},"14":{"start":{"line":33,"column":32},"end":{"line":33,"column":76}},"15":{"start":{"line":35,"column":2},"end":{"line":35,"column":158}},"16":{"start":{"line":35,"column":64},"end":{"line":35,"column":158}},"17":{"start":{"line":35,"column":102},"end":{"line":35,"column":156}},"18":{"start":{"line":39,"column":2},"end":{"line":39,"column":97}},"19":{"start":{"line":39,"column":59},"end":{"line":39,"column":97}},"20":{"start":{"line":41,"column":1},"end":{"line":41,"column":11}},"21":{"start":{"line":53,"column":19},"end":{"line":53,"column":21}},"22":{"start":{"line":57,"column":5},"end":{"line":57,"column":21}},"23":{"start":{"line":58,"column":1},"end":{"line":58,"column":63}},"24":{"start":{"line":60,"column":1},"end":{"line":60,"column":88}},"25":{"start":{"line":60,"column":52},"end":{"line":60,"column":88}},"26":{"start":{"line":62,"column":1},"end":{"line":62,"column":60}},"27":{"start":{"line":62,"column":16},"end":{"line":62,"column":60}},"28":{"start":{"line":64,"column":1},"end":{"line":64,"column":86}},"29":{"start":{"line":64,"column":50},"end":{"line":64,"column":86}},"30":{"start":{"line":66,"column":23},"end":{"line":71,"column":2}},"31":{"start":{"line":74,"column":1},"end":{"line":74,"column":89}},"32":{"start":{"line":74,"column":57},"end":{"line":74,"column":89}},"33":{"start":{"line":76,"column":1},"end":{"line":76,"column":65}},"34":{"start":{"line":76,"column":11},"end":{"line":76,"column":65}},"35":{"start":{"line":78,"column":1},"end":{"line":78,"column":65}},"36":{"start":{"line":78,"column":11},"end":{"line":78,"column":65}},"37":{"start":{"line":80,"column":1},"end":{"line":80,"column":68}},"38":{"start":{"line":80,"column":12},"end":{"line":80,"column":68}},"39":{"start":{"line":82,"column":1},"end":{"line":82,"column":72}},"40":{"start":{"line":82,"column":13},"end":{"line":82,"column":72}},"41":{"start":{"line":84,"column":1},"end":{"line":84,"column":46}},"42":{"start":{"line":85,"column":1},"end":{"line":85,"column":19}},"43":{"start":{"line":88,"column":25},"end":{"line":109,"column":1}},"44":{"start":{"line":92,"column":5},"end":{"line":92,"column":21}},"45":{"start":{"line":94,"column":1},"end":{"line":94,"column":39}},"46":{"start":{"line":94,"column":19},"end":{"line":94,"column":39}},"47":{"start":{"line":95,"column":1},"end":{"line":95,"column":36}},"48":{"start":{"line":95,"column":18},"end":{"line":95,"column":36}},"49":{"start":{"line":97,"column":1},"end":{"line":97,"column":35}},"50":{"start":{"line":97,"column":19},"end":{"line":97,"column":35}},"51":{"start":{"line":98,"column":1},"end":{"line":98,"column":40}},"52":{"start":{"line":100,"column":1},"end":{"line":100,"column":67}},"53":{"start":{"line":102,"column":1},"end":{"line":102,"column":43}},"54":{"start":{"line":103,"column":1},"end":{"line":103,"column":41}},"55":{"start":{"line":104,"column":1},"end":{"line":104,"column":62}},"56":{"start":{"line":106,"column":1},"end":{"line":106,"column":89}},"57":{"start":{"line":106,"column":57},"end":{"line":106,"column":89}},"58":{"start":{"line":108,"column":1},"end":{"line":108,"column":56}},"59":{"start":{"line":116,"column":23},"end":{"line":125,"column":1}},"60":{"start":{"line":117,"column":16},"end":{"line":119,"column":3}},"61":{"start":{"line":118,"column":2},"end":{"line":118,"column":127}},"62":{"start":{"line":121,"column":1},"end":{"line":122,"column":33}},"63":{"start":{"line":122,"column":2},"end":{"line":122,"column":33}},"64":{"start":{"line":124,"column":1},"end":{"line":124,"column":72}},"65":{"start":{"line":137,"column":18},"end":{"line":144,"column":1}},"66":{"start":{"line":138,"column":41},"end":{"line":138,"column":123}},"67":{"start":{"line":139,"column":28},"end":{"line":141,"column":3}},"68":{"start":{"line":140,"column":2},"end":{"line":140,"column":131}},"69":{"start":{"line":143,"column":1},"end":{"line":143,"column":43}},"70":{"start":{"line":159,"column":13},"end":{"line":171,"column":1}},"71":{"start":{"line":160,"column":1},"end":{"line":170,"column":2}},"72":{"start":{"line":161,"column":2},"end":{"line":161,"column":130}},"73":{"start":{"line":161,"column":19},"end":{"line":161,"column":130}},"74":{"start":{"line":162,"column":2},"end":{"line":167,"column":3}},"75":{"start":{"line":163,"column":23},"end":{"line":163,"column":102}},"76":{"start":{"line":164,"column":3},"end":{"line":164,"column":49}},"77":{"start":{"line":166,"column":3},"end":{"line":166,"column":94}},"78":{"start":{"line":169,"column":2},"end":{"line":169,"column":112}},"79":{"start":{"line":173,"column":0},"end":{"line":183,"column":1}}},"fnMap":{"0":{"name":"(anonymous_0)","decl":{"start":{"line":5,"column":16},"end":{"line":5,"column":17}},"loc":{"start":{"line":5,"column":24},"end":{"line":5,"column":88}},"line":5},"1":{"name":"(anonymous_1)","decl":{"start":{"line":12,"column":20},"end":{"line":12,"column":21}},"loc":{"start":{"line":12,"column":56},"end":{"line":18,"column":1}},"line":12},"2":{"name":"normalizeCriteria","decl":{"start":{"line":27,"column":9},"end":{"line":27,"column":26}},"loc":{"start":{"line":27,"column":90},"end":{"line":42,"column":1}},"line":27},"3":{"name":"(anonymous_3)","decl":{"start":{"line":35,"column":94},"end":{"line":35,"column":95}},"loc":{"start":{"line":35,"column":102},"end":{"line":35,"column":156}},"line":35},"4":{"name":"q2mPipelines","decl":{"start":{"line":52,"column":9},"end":{"line":52,"column":21}},"loc":{"start":{"line":52,"column":100},"end":{"line":86,"column":1}},"line":52},"5":{"name":"(anonymous_5)","decl":{"start":{"line":88,"column":25},"end":{"line":88,"column":26}},"loc":{"start":{"line":88,"column":105},"end":{"line":109,"column":1}},"line":88},"6":{"name":"(anonymous_6)","decl":{"start":{"line":116,"column":23},"end":{"line":116,"column":24}},"loc":{"start":{"line":116,"column":65},"end":{"line":125,"column":1}},"line":116},"7":{"name":"(anonymous_7)","decl":{"start":{"line":117,"column":69},"end":{"line":117,"column":70}},"loc":{"start":{"line":117,"column":78},"end":{"line":119,"column":2}},"line":117},"8":{"name":"(anonymous_8)","decl":{"start":{"line":137,"column":18},"end":{"line":137,"column":19}},"loc":{"start":{"line":137,"column":114},"end":{"line":144,"column":1}},"line":137},"9":{"name":"(anonymous_9)","decl":{"start":{"line":139,"column":146},"end":{"line":139,"column":147}},"loc":{"start":{"line":139,"column":155},"end":{"line":141,"column":2}},"line":139},"10":{"name":"(anonymous_10)","decl":{"start":{"line":159,"column":13},"end":{"line":159,"column":14}},"loc":{"start":{"line":159,"column":137},"end":{"line":171,"column":1}},"line":159}},"branchMap":{"0":{"loc":{"start":{"line":5,"column":24},"end":{"line":5,"column":88}},"type":"binary-expr","locations":[{"start":{"line":5,"column":24},"end":{"line":5,"column":57}},{"start":{"line":5,"column":61},"end":{"line":5,"column":88}}],"line":5},"1":{"loc":{"start":{"line":12,"column":32},"end":{"line":12,"column":51}},"type":"default-arg","locations":[{"start":{"line":12,"column":45},"end":{"line":12,"column":51}}],"line":12},"2":{"loc":{"start":{"line":13,"column":1},"end":{"line":16,"column":2}},"type":"if","locations":[{"start":{"line":13,"column":1},"end":{"line":16,"column":2}},{"start":{"line":13,"column":1},"end":{"line":16,"column":2}}],"line":13},"3":{"loc":{"start":{"line":13,"column":5},"end":{"line":13,"column":67}},"type":"binary-expr","locations":[{"start":{"line":13,"column":5},"end":{"line":13,"column":34}},{"start":{"line":13,"column":38},"end":{"line":13,"column":67}}],"line":13},"4":{"loc":{"start":{"line":15,"column":9},"end":{"line":15,"column":62}},"type":"cond-expr","locations":[{"start":{"line":15,"column":35},"end":{"line":15,"column":52}},{"start":{"line":15,"column":55},"end":{"line":15,"column":62}}],"line":15},"5":{"loc":{"start":{"line":27,"column":33},"end":{"line":27,"column":88}},"type":"default-arg","locations":[{"start":{"line":27,"column":86},"end":{"line":27,"column":88}}],"line":27},"6":{"loc":{"start":{"line":27,"column":35},"end":{"line":27,"column":69}},"type":"default-arg","locations":[{"start":{"line":27,"column":48},"end":{"line":27,"column":69}}],"line":27},"7":{"loc":{"start":{"line":30,"column":2},"end":{"line":30,"column":91}},"type":"if","locations":[{"start":{"line":30,"column":2},"end":{"line":30,"column":91}},{"start":{"line":30,"column":2},"end":{"line":30,"column":91}}],"line":30},"8":{"loc":{"start":{"line":33,"column":2},"end":{"line":33,"column":76}},"type":"if","locations":[{"start":{"line":33,"column":2},"end":{"line":33,"column":76}},{"start":{"line":33,"column":2},"end":{"line":33,"column":76}}],"line":33},"9":{"loc":{"start":{"line":35,"column":2},"end":{"line":35,"column":158}},"type":"if","locations":[{"start":{"line":35,"column":2},"end":{"line":35,"column":158}},{"start":{"line":35,"column":2},"end":{"line":35,"column":158}}],"line":35},"10":{"loc":{"start":{"line":35,"column":6},"end":{"line":35,"column":62}},"type":"binary-expr","locations":[{"start":{"line":35,"column":6},"end":{"line":35,"column":34}},{"start":{"line":35,"column":38},"end":{"line":35,"column":62}}],"line":35},"11":{"loc":{"start":{"line":39,"column":2},"end":{"line":39,"column":97}},"type":"if","locations":[{"start":{"line":39,"column":2},"end":{"line":39,"column":97}},{"start":{"line":39,"column":2},"end":{"line":39,"column":97}}],"line":39},"12":{"loc":{"start":{"line":39,"column":6},"end":{"line":39,"column":57}},"type":"binary-expr","locations":[{"start":{"line":39,"column":6},"end":{"line":39,"column":25}},{"start":{"line":39,"column":29},"end":{"line":39,"column":57}}],"line":39},"13":{"loc":{"start":{"line":52,"column":73},"end":{"line":52,"column":96}},"type":"default-arg","locations":[{"start":{"line":52,"column":89},"end":{"line":52,"column":96}}],"line":52},"14":{"loc":{"start":{"line":55,"column":12},"end":{"line":55,"column":23}},"type":"default-arg","locations":[{"start":{"line":55,"column":21},"end":{"line":55,"column":23}}],"line":55},"15":{"loc":{"start":{"line":56,"column":21},"end":{"line":56,"column":30}},"type":"default-arg","locations":[{"start":{"line":56,"column":28},"end":{"line":56,"column":30}}],"line":56},"16":{"loc":{"start":{"line":56,"column":32},"end":{"line":56,"column":40}},"type":"default-arg","locations":[{"start":{"line":56,"column":39},"end":{"line":56,"column":40}}],"line":56},"17":{"loc":{"start":{"line":56,"column":42},"end":{"line":56,"column":52}},"type":"default-arg","locations":[{"start":{"line":56,"column":50},"end":{"line":56,"column":52}}],"line":56},"18":{"loc":{"start":{"line":60,"column":1},"end":{"line":60,"column":88}},"type":"if","locations":[{"start":{"line":60,"column":1},"end":{"line":60,"column":88}},{"start":{"line":60,"column":1},"end":{"line":60,"column":88}}],"line":60},"19":{"loc":{"start":{"line":60,"column":5},"end":{"line":60,"column":50}},"type":"binary-expr","locations":[{"start":{"line":60,"column":5},"end":{"line":60,"column":30}},{"start":{"line":60,"column":34},"end":{"line":60,"column":50}}],"line":60},"20":{"loc":{"start":{"line":62,"column":1},"end":{"line":62,"column":60}},"type":"if","locations":[{"start":{"line":62,"column":1},"end":{"line":62,"column":60}},{"start":{"line":62,"column":1},"end":{"line":62,"column":60}}],"line":62},"21":{"loc":{"start":{"line":64,"column":1},"end":{"line":64,"column":86}},"type":"if","locations":[{"start":{"line":64,"column":1},"end":{"line":64,"column":86}},{"start":{"line":64,"column":1},"end":{"line":64,"column":86}}],"line":64},"22":{"loc":{"start":{"line":64,"column":5},"end":{"line":64,"column":48}},"type":"binary-expr","locations":[{"start":{"line":64,"column":5},"end":{"line":64,"column":28}},{"start":{"line":64,"column":32},"end":{"line":64,"column":48}}],"line":64},"23":{"loc":{"start":{"line":74,"column":1},"end":{"line":74,"column":89}},"type":"if","locations":[{"start":{"line":74,"column":1},"end":{"line":74,"column":89}},{"start":{"line":74,"column":1},"end":{"line":74,"column":89}}],"line":74},"24":{"loc":{"start":{"line":76,"column":1},"end":{"line":76,"column":65}},"type":"if","locations":[{"start":{"line":76,"column":1},"end":{"line":76,"column":65}},{"start":{"line":76,"column":1},"end":{"line":76,"column":65}}],"line":76},"25":{"loc":{"start":{"line":78,"column":1},"end":{"line":78,"column":65}},"type":"if","locations":[{"start":{"line":78,"column":1},"end":{"line":78,"column":65}},{"start":{"line":78,"column":1},"end":{"line":78,"column":65}}],"line":78},"26":{"loc":{"start":{"line":80,"column":1},"end":{"line":80,"column":68}},"type":"if","locations":[{"start":{"line":80,"column":1},"end":{"line":80,"column":68}},{"start":{"line":80,"column":1},"end":{"line":80,"column":68}}],"line":80},"27":{"loc":{"start":{"line":82,"column":1},"end":{"line":82,"column":72}},"type":"if","locations":[{"start":{"line":82,"column":1},"end":{"line":82,"column":72}},{"start":{"line":82,"column":1},"end":{"line":82,"column":72}}],"line":82},"28":{"loc":{"start":{"line":88,"column":36},"end":{"line":88,"column":48}},"type":"default-arg","locations":[{"start":{"line":88,"column":46},"end":{"line":88,"column":48}}],"line":88},"29":{"loc":{"start":{"line":88,"column":50},"end":{"line":88,"column":61}},"type":"default-arg","locations":[{"start":{"line":88,"column":59},"end":{"line":88,"column":61}}],"line":88},"30":{"loc":{"start":{"line":90,"column":2},"end":{"line":90,"column":15}},"type":"default-arg","locations":[{"start":{"line":90,"column":13},"end":{"line":90,"column":15}}],"line":90},"31":{"loc":{"start":{"line":91,"column":13},"end":{"line":91,"column":24}},"type":"default-arg","locations":[{"start":{"line":91,"column":22},"end":{"line":91,"column":24}}],"line":91},"32":{"loc":{"start":{"line":91,"column":26},"end":{"line":91,"column":35}},"type":"default-arg","locations":[{"start":{"line":91,"column":33},"end":{"line":91,"column":35}}],"line":91},"33":{"loc":{"start":{"line":91,"column":37},"end":{"line":91,"column":45}},"type":"default-arg","locations":[{"start":{"line":91,"column":44},"end":{"line":91,"column":45}}],"line":91},"34":{"loc":{"start":{"line":91,"column":47},"end":{"line":91,"column":57}},"type":"default-arg","locations":[{"start":{"line":91,"column":55},"end":{"line":91,"column":57}}],"line":91},"35":{"loc":{"start":{"line":94,"column":1},"end":{"line":94,"column":39}},"type":"if","locations":[{"start":{"line":94,"column":1},"end":{"line":94,"column":39}},{"start":{"line":94,"column":1},"end":{"line":94,"column":39}}],"line":94},"36":{"loc":{"start":{"line":95,"column":1},"end":{"line":95,"column":36}},"type":"if","locations":[{"start":{"line":95,"column":1},"end":{"line":95,"column":36}},{"start":{"line":95,"column":1},"end":{"line":95,"column":36}}],"line":95},"37":{"loc":{"start":{"line":97,"column":1},"end":{"line":97,"column":35}},"type":"if","locations":[{"start":{"line":97,"column":1},"end":{"line":97,"column":35}},{"start":{"line":97,"column":1},"end":{"line":97,"column":35}}],"line":97},"38":{"loc":{"start":{"line":106,"column":1},"end":{"line":106,"column":89}},"type":"if","locations":[{"start":{"line":106,"column":1},"end":{"line":106,"column":89}},{"start":{"line":106,"column":1},"end":{"line":106,"column":89}}],"line":106},"39":{"loc":{"start":{"line":121,"column":1},"end":{"line":122,"column":33}},"type":"if","locations":[{"start":{"line":121,"column":1},"end":{"line":122,"column":33}},{"start":{"line":121,"column":1},"end":{"line":122,"column":33}}],"line":121},"40":{"loc":{"start":{"line":121,"column":5},"end":{"line":121,"column":151}},"type":"binary-expr","locations":[{"start":{"line":121,"column":5},"end":{"line":121,"column":42}},{"start":{"line":121,"column":46},"end":{"line":121,"column":151}}],"line":121},"41":{"loc":{"start":{"line":121,"column":7},"end":{"line":121,"column":41}},"type":"binary-expr","locations":[{"start":{"line":121,"column":7},"end":{"line":121,"column":16}},{"start":{"line":121,"column":20},"end":{"line":121,"column":41}}],"line":121},"42":{"loc":{"start":{"line":121,"column":48},"end":{"line":121,"column":150}},"type":"binary-expr","locations":[{"start":{"line":121,"column":48},"end":{"line":121,"column":57}},{"start":{"line":121,"column":61},"end":{"line":121,"column":83}},{"start":{"line":121,"column":87},"end":{"line":121,"column":150}}],"line":121},"43":{"loc":{"start":{"line":137,"column":33},"end":{"line":137,"column":45}},"type":"default-arg","locations":[{"start":{"line":137,"column":43},"end":{"line":137,"column":45}}],"line":137},"44":{"loc":{"start":{"line":137,"column":47},"end":{"line":137,"column":58}},"type":"default-arg","locations":[{"start":{"line":137,"column":56},"end":{"line":137,"column":58}}],"line":137},"45":{"loc":{"start":{"line":159,"column":26},"end":{"line":159,"column":132}},"type":"default-arg","locations":[{"start":{"line":159,"column":130},"end":{"line":159,"column":132}}],"line":159},"46":{"loc":{"start":{"line":159,"column":102},"end":{"line":159,"column":125}},"type":"default-arg","locations":[{"start":{"line":159,"column":118},"end":{"line":159,"column":125}}],"line":159},"47":{"loc":{"start":{"line":161,"column":2},"end":{"line":161,"column":130}},"type":"if","locations":[{"start":{"line":161,"column":2},"end":{"line":161,"column":130}},{"start":{"line":161,"column":2},"end":{"line":161,"column":130}}],"line":161},"48":{"loc":{"start":{"line":162,"column":2},"end":{"line":167,"column":3}},"type":"if","locations":[{"start":{"line":162,"column":2},"end":{"line":167,"column":3}},{"start":{"line":162,"column":2},"end":{"line":167,"column":3}}],"line":162}},"s":{"0":2,"1":2,"2":2,"3":2,"4":9,"5":2,"6":16,"7":13,"8":13,"9":3,"10":36,"11":45,"12":14,"13":45,"14":8,"15":45,"16":8,"17":4,"18":45,"19":8,"20":36,"21":5,"22":5,"23":5,"24":5,"25":2,"26":5,"27":4,"28":5,"29":1,"30":5,"31":5,"32":5,"33":5,"34":5,"35":5,"36":1,"37":5,"38":5,"39":5,"40":1,"41":5,"42":5,"43":2,"44":10,"45":10,"46":1,"47":10,"48":1,"49":10,"50":9,"51":10,"52":10,"53":10,"54":10,"55":10,"56":10,"57":9,"58":10,"59":2,"60":4,"61":0,"62":4,"63":1,"64":3,"65":2,"66":8,"67":8,"68":0,"69":8,"70":2,"71":13,"72":13,"73":1,"74":12,"75":4,"76":4,"77":8,"78":1,"79":2},"f":{"0":9,"1":16,"2":36,"3":4,"4":5,"5":10,"6":4,"7":0,"8":8,"9":0,"10":13},"b":{"0":[9,5],"1":[14],"2":[13,3],"3":[16,5],"4":[1,12],"5":[7],"6":[22],"7":[14,31],"8":[8,37],"9":[8,37],"10":[45,20],"11":[8,37],"12":[45,8],"13":[1],"14":[0],"15":[4],"16":[4],"17":[4],"18":[2,3],"19":[5,4],"20":[4,1],"21":[1,4],"22":[5,1],"23":[5,0],"24":[5,0],"25":[1,4],"26":[5,0],"27":[1,4],"28":[1],"29":[1],"30":[0],"31":[8],"32":[8],"33":[6],"34":[6],"35":[1,9],"36":[1,9],"37":[9,1],"38":[9,1],"39":[1,3],"40":[4,4],"41":[4,4],"42":[4,4,3],"43":[7],"44":[7],"45":[4],"46":[12],"47":[1,12],"48":[4,8]},"_coverageSchema":"1a1c01bbd47fc00a2c39e90264f33305004495a9","hash":"fe8887d858fe1abe5672cbbf534e376a9037a381"}
}
