{"total": {"lines":{"total":61,"covered":59,"skipped":0,"pct":96.72},"statements":{"total":80,"covered":78,"skipped":0,"pct":97.5},"functions":{"total":11,"covered":9,"skipped":0,"pct":81.82},"branches":{"total":80,"covered":75,"skipped":0,"pct":93.75}}
,"C:\\Users\\Hossein\\Desktop\\q2ma\\q2ma.js": {"lines":{"total":61,"covered":59,"skipped":0,"pct":96.72},"functions":{"total":11,"covered":9,"skipped":0,"pct":81.82},"statements":{"total":80,"covered":78,"skipped":0,"pct":97.5},"branches":{"total":80,"covered":75,"skipped":0,"pct":93.75}}
}
