{"total": {"lines":{"total":56,"covered":33,"skipped":0,"pct":58.93},"statements":{"total":73,"covered":45,"skipped":0,"pct":61.64},"functions":{"total":8,"covered":5,"skipped":0,"pct":62.5},"branches":{"total":73,"covered":34,"skipped":0,"pct":46.58}}
,"C:\\Users\\Hossein\\Desktop\\q2ma\\q2ma.js": {"lines":{"total":56,"covered":33,"skipped":0,"pct":58.93},"functions":{"total":8,"covered":5,"skipped":0,"pct":62.5},"statements":{"total":73,"covered":45,"skipped":0,"pct":61.64},"branches":{"total":73,"covered":34,"skipped":0,"pct":46.58}}
}
