TN:
SF:q2ma.js
FN:5,(anonymous_0)
FN:12,(anonymous_1)
FN:27,normalizeCriteria
FN:35,(anonymous_3)
FN:52,q2mPipelines
FN:94,(anonymous_5)
FN:117,(anonymous_6)
FN:152,(anonymous_7)
FNF:8
FNH:5
FNDA:1,(anonymous_0)
FNDA:16,(anonymous_1)
FNDA:18,normalizeCriteria
FNDA:4,(anonymous_3)
FNDA:1,q2mPipelines
FNDA:0,(anonymous_5)
FNDA:0,(anonymous_6)
FNDA:0,(anonymous_7)
DA:1,1
DA:2,1
DA:4,1
DA:5,1
DA:12,1
DA:13,16
DA:14,13
DA:15,13
DA:17,3
DA:28,18
DA:30,34
DA:33,34
DA:35,34
DA:39,34
DA:41,18
DA:53,1
DA:57,1
DA:58,1
DA:60,1
DA:62,1
DA:64,1
DA:66,1
DA:74,1
DA:76,1
DA:78,1
DA:80,1
DA:82,1
DA:84,1
DA:86,1
DA:94,1
DA:95,0
DA:96,0
DA:98,0
DA:99,0
DA:101,0
DA:103,0
DA:117,1
DA:121,0
DA:123,0
DA:124,0
DA:126,0
DA:128,0
DA:129,0
DA:130,0
DA:132,0
DA:134,0
DA:136,0
DA:152,1
DA:153,0
DA:154,0
DA:155,0
DA:156,0
DA:157,0
DA:159,0
DA:162,0
DA:166,1
LF:56
LH:33
BRDA:5,0,0,1
BRDA:5,0,1,0
BRDA:12,1,0,14
BRDA:13,2,0,13
BRDA:13,2,1,3
BRDA:13,3,0,16
BRDA:13,3,1,5
BRDA:15,4,0,1
BRDA:15,4,1,12
BRDA:27,5,0,7
BRDA:27,6,0,8
BRDA:30,7,0,10
BRDA:30,7,1,24
BRDA:33,8,0,8
BRDA:33,8,1,26
BRDA:35,9,0,8
BRDA:35,9,1,26
BRDA:35,10,0,34
BRDA:35,10,1,16
BRDA:39,11,0,8
BRDA:39,11,1,26
BRDA:39,12,0,34
BRDA:39,12,1,8
BRDA:52,13,0,1
BRDA:55,14,0,0
BRDA:56,15,0,0
BRDA:56,16,0,0
BRDA:56,17,0,0
BRDA:60,18,0,1
BRDA:60,18,1,0
BRDA:60,19,0,1
BRDA:60,19,1,1
BRDA:62,20,0,0
BRDA:62,20,1,1
BRDA:64,21,0,0
BRDA:64,21,1,1
BRDA:64,22,0,1
BRDA:64,22,1,0
BRDA:74,23,0,1
BRDA:74,23,1,0
BRDA:76,24,0,1
BRDA:76,24,1,0
BRDA:78,25,0,1
BRDA:78,25,1,0
BRDA:80,26,0,1
BRDA:80,26,1,0
BRDA:82,27,0,1
BRDA:82,27,1,0
BRDA:98,28,0,0
BRDA:98,28,1,0
BRDA:98,29,0,0
BRDA:98,29,1,0
BRDA:98,30,0,0
BRDA:98,30,1,0
BRDA:98,31,0,0
BRDA:98,31,1,0
BRDA:98,31,2,0
BRDA:117,32,0,0
BRDA:117,33,0,0
BRDA:119,34,0,0
BRDA:120,35,0,0
BRDA:120,36,0,0
BRDA:120,37,0,0
BRDA:120,38,0,0
BRDA:123,39,0,0
BRDA:123,39,1,0
BRDA:132,40,0,0
BRDA:132,40,1,0
BRDA:152,41,0,0
BRDA:154,42,0,0
BRDA:154,42,1,0
BRDA:155,43,0,0
BRDA:155,43,1,0
BRF:73
BRH:34
end_of_record
