TN:
SF:q2ma.js
FN:5,(anonymous_0)
FN:12,(anonymous_1)
FN:27,normalizeCriteria
FN:35,(anonymous_3)
FN:52,q2mPipelines
FN:88,(anonymous_5)
FN:116,(anonymous_6)
FN:118,(anonymous_7)
FN:139,(anonymous_8)
FN:142,(anonymous_9)
FN:162,(anonymous_10)
FNF:11
FNH:9
FNDA:9,(anonymous_0)
FNDA:16,(anonymous_1)
FNDA:36,normalizeCriteria
FNDA:4,(anonymous_3)
FNDA:5,q2mPipelines
FNDA:10,(anonymous_5)
FNDA:4,(anonymous_6)
FNDA:0,(anonymous_7)
FNDA:8,(anonymous_8)
FNDA:0,(anonymous_9)
FNDA:13,(anonymous_10)
DA:1,2
DA:2,2
DA:4,2
DA:5,9
DA:12,2
DA:13,16
DA:14,13
DA:15,13
DA:17,3
DA:28,36
DA:30,45
DA:33,45
DA:35,45
DA:39,45
DA:41,36
DA:53,5
DA:57,5
DA:58,5
DA:60,5
DA:62,5
DA:64,5
DA:66,5
DA:74,5
DA:76,5
DA:78,5
DA:80,5
DA:82,5
DA:84,5
DA:85,5
DA:88,2
DA:92,10
DA:94,10
DA:95,10
DA:97,10
DA:98,10
DA:100,10
DA:102,10
DA:103,10
DA:104,10
DA:106,10
DA:108,10
DA:116,2
DA:118,4
DA:119,0
DA:122,4
DA:123,1
DA:125,3
DA:139,2
DA:140,8
DA:141,8
DA:143,0
DA:146,8
DA:162,2
DA:163,13
DA:164,13
DA:165,12
DA:166,4
DA:167,4
DA:169,8
DA:172,1
DA:176,2
LF:61
LH:59
BRDA:5,0,0,9
BRDA:5,0,1,5
BRDA:12,1,0,14
BRDA:13,2,0,13
BRDA:13,2,1,3
BRDA:13,3,0,16
BRDA:13,3,1,5
BRDA:15,4,0,1
BRDA:15,4,1,12
BRDA:27,5,0,7
BRDA:27,6,0,22
BRDA:30,7,0,14
BRDA:30,7,1,31
BRDA:33,8,0,8
BRDA:33,8,1,37
BRDA:35,9,0,8
BRDA:35,9,1,37
BRDA:35,10,0,45
BRDA:35,10,1,20
BRDA:39,11,0,8
BRDA:39,11,1,37
BRDA:39,12,0,45
BRDA:39,12,1,8
BRDA:52,13,0,1
BRDA:55,14,0,0
BRDA:56,15,0,4
BRDA:56,16,0,4
BRDA:56,17,0,4
BRDA:60,18,0,2
BRDA:60,18,1,3
BRDA:60,19,0,5
BRDA:60,19,1,4
BRDA:62,20,0,4
BRDA:62,20,1,1
BRDA:64,21,0,1
BRDA:64,21,1,4
BRDA:64,22,0,5
BRDA:64,22,1,1
BRDA:74,23,0,5
BRDA:74,23,1,0
BRDA:76,24,0,5
BRDA:76,24,1,0
BRDA:78,25,0,1
BRDA:78,25,1,4
BRDA:80,26,0,5
BRDA:80,26,1,0
BRDA:82,27,0,1
BRDA:82,27,1,4
BRDA:88,28,0,1
BRDA:88,29,0,1
BRDA:90,30,0,0
BRDA:91,31,0,8
BRDA:91,32,0,8
BRDA:91,33,0,6
BRDA:91,34,0,6
BRDA:94,35,0,1
BRDA:94,35,1,9
BRDA:95,36,0,1
BRDA:95,36,1,9
BRDA:97,37,0,9
BRDA:97,37,1,1
BRDA:106,38,0,9
BRDA:106,38,1,1
BRDA:122,39,0,1
BRDA:122,39,1,3
BRDA:122,40,0,4
BRDA:122,40,1,4
BRDA:122,41,0,4
BRDA:122,41,1,4
BRDA:122,42,0,4
BRDA:122,42,1,4
BRDA:122,42,2,3
BRDA:139,43,0,7
BRDA:139,44,0,7
BRDA:162,45,0,4
BRDA:162,46,0,12
BRDA:164,47,0,1
BRDA:164,47,1,12
BRDA:165,48,0,4
BRDA:165,48,1,8
BRF:80
BRH:75
end_of_record
